\BOOKMARK [1][-]{section.1}{Introduction}{}% 1
\BOOKMARK [1][-]{section.2}{SQL Development Environment}{}% 2
\BOOKMARK [2][-]{subsection.2.1}{Purpose of a SQL Development Environment}{section.2}% 3
\BOOKMARK [2][-]{subsection.2.2}{Existing Technologies}{section.2}% 4
\BOOKMARK [3][-]{subsubsection.2.2.1}{SQL Plus}{subsection.2.2}% 5
\BOOKMARK [3][-]{subsubsection.2.2.2}{Oracle SQL Developer}{subsection.2.2}% 6
\BOOKMARK [3][-]{subsubsection.2.2.3}{Toad}{subsection.2.2}% 7
\BOOKMARK [2][-]{subsection.2.3}{Conclusion}{section.2}% 8
\BOOKMARK [1][-]{section.3}{Parallelism and Partitioning}{}% 9
\BOOKMARK [2][-]{subsection.3.1}{Purpose of Parallelism and Partitioning}{section.3}% 10
\BOOKMARK [2][-]{subsection.3.2}{Database Technologies}{section.3}% 11
\BOOKMARK [3][-]{subsubsection.3.2.1}{Oracle}{subsection.3.2}% 12
\BOOKMARK [3][-]{subsubsection.3.2.2}{PostgreSQL}{subsection.3.2}% 13
\BOOKMARK [3][-]{subsubsection.3.2.3}{Redshift}{subsection.3.2}% 14
\BOOKMARK [2][-]{subsection.3.3}{Conclusion}{section.3}% 15
\BOOKMARK [1][-]{section.4}{Toolkits}{}% 16
\BOOKMARK [2][-]{subsection.4.1}{Purpose of a Toolkit}{section.4}% 17
\BOOKMARK [2][-]{subsection.4.2}{Existing Toolkits}{section.4}% 18
\BOOKMARK [3][-]{subsubsection.4.2.1}{Oracle Enterprise Manager}{subsection.4.2}% 19
\BOOKMARK [3][-]{subsubsection.4.2.2}{SQLd360}{subsection.4.2}% 20
\BOOKMARK [3][-]{subsubsection.4.2.3}{Snapper}{subsection.4.2}% 21
\BOOKMARK [2][-]{subsection.4.3}{Creating a Toolkit}{section.4}% 22
\BOOKMARK [2][-]{subsection.4.4}{Conclusion}{section.4}% 23
\BOOKMARK [1][-]{section.5}{Summary}{}% 24
\BOOKMARK [1][-]{section*.2}{References}{}% 25
